d:\realsense\pro\proyectos_frav\solutionfrav\visorrealsense\debug\vc120.pdb
d:\realsense\pro\proyectos_frav\solutionfrav\visorrealsense\debug\qrc_visorrealsense.obj
d:\realsense\pro\proyectos_frav\solutionfrav\visorrealsense\debug\visorrealsense.obj
d:\realsense\pro\proyectos_frav\solutionfrav\visorrealsense\debug\main.obj
d:\realsense\pro\proyectos_frav\solutionfrav\visorrealsense\debug\moc_visorrealsense.obj
d:\realsense\pro\proyectos_frav\solutionfrav\visorrealsense\generatedfiles\debug\moc_visorrealsense.cpp
d:\realsense\pro\proyectos_frav\solutionfrav\visorrealsense\generatedfiles\ui_visorrealsense.h
d:\realsense\pro\proyectos_frav\solutionfrav\visorrealsense\generatedfiles\qrc_visorrealsense.cpp
d:\realsense\pro\proyectos_frav\solutionfrav\win32\debug\visorrealsense.ilk
d:\realsense\pro\proyectos_frav\solutionfrav\win32\debug\visorrealsense.exe
d:\realsense\pro\proyectos_frav\solutionfrav\win32\debug\visorrealsense.pdb
d:\realsense\pro\proyectos_frav\solutionfrav\visorrealsense\debug\visorrealsense.tlog\cl.command.1.tlog
d:\realsense\pro\proyectos_frav\solutionfrav\visorrealsense\debug\visorrealsense.tlog\cl.read.1.tlog
d:\realsense\pro\proyectos_frav\solutionfrav\visorrealsense\debug\visorrealsense.tlog\cl.write.1.tlog
d:\realsense\pro\proyectos_frav\solutionfrav\visorrealsense\debug\visorrealsense.tlog\custombuild.command.1.tlog
d:\realsense\pro\proyectos_frav\solutionfrav\visorrealsense\debug\visorrealsense.tlog\custombuild.read.1.tlog
d:\realsense\pro\proyectos_frav\solutionfrav\visorrealsense\debug\visorrealsense.tlog\custombuild.write.1.tlog
d:\realsense\pro\proyectos_frav\solutionfrav\visorrealsense\debug\visorrealsense.tlog\link.command.1.tlog
d:\realsense\pro\proyectos_frav\solutionfrav\visorrealsense\debug\visorrealsense.tlog\link.read.1.tlog
d:\realsense\pro\proyectos_frav\solutionfrav\visorrealsense\debug\visorrealsense.tlog\link.write.1.tlog
