Build started 31/03/2017 12:27:23.
     1>Project "D:\FRAV\REALSENSE\Ejem_OpenCV_QT - 03\Ejem_OpenCV_QT\Ejem_OpenCV_QT.vcxproj" on node 2 (Rebuild target(s)).
     1>CustomBuild:
         Moc'ing ejem_opencv_qt.h...
         Uic'ing ejem_opencv_qt.ui...
         Rcc'ing ejem_opencv_qt.qrc...
     1>RCC : warning : No resources in 'D:\FRAV\REALSENSE\Ejem_OpenCV_QT - 03\Ejem_OpenCV_QT\ejem_opencv_qt.qrc'.
         
       ClCompile:
         C:\Program Files (x86)\Microsoft Visual Studio 12.0\VC\bin\CL.exe /c /I.\GeneratedFiles /I. /ID:\Qt\5.6\msvc2013\include /I.\GeneratedFiles\Release /ID:\Qt\5.6\msvc2013\include\QtCore /ID:\Qt\5.6\msvc2013\include\QtGui /ID:\Qt\5.6\msvc2013\include\QtWidgets /I"D:\opencv-3.2.0\build\install\include" /ID:\Qt\5.6\msvc2013\include\QtWinExtras /I"C:\Program Files (x86)\Intel\RSSDK\/include" /I"C:\Program Files (x86)\Intel\RSSDK\/sample/common/include" /nologo /W1 /WX- /O2 /Oy- /D UNICODE /D WIN32 /D WIN64 /D QT_DLL /D QT_NO_DEBUG /D NDEBUG /D QT_CORE_LIB /D QT_GUI_LIB /D QT_WIDGETS_LIB /D QT_WINEXTRAS_LIB /Gm- /EHsc /MD /GS /fp:precise /Zc:wchar_t /Zc:forScope /Fo"Release\\" /Fd"Release\vc120.pdb" /Gd /TP /analyze- /errorReport:prompt ejem_opencv_qt.cpp GeneratedFiles\Release\moc_ejem_opencv_qt.cpp main.cpp
         ejem_opencv_qt.cpp
         moc_ejem_opencv_qt.cpp
         main.cpp
         Generating Code...
         C:\Program Files (x86)\Microsoft Visual Studio 12.0\VC\bin\CL.exe /c /I.\GeneratedFiles /I. /ID:\Qt\5.6\msvc2013\include /I.\GeneratedFiles\Release /ID:\Qt\5.6\msvc2013\include\QtCore /ID:\Qt\5.6\msvc2013\include\QtGui /ID:\Qt\5.6\msvc2013\include\QtWidgets /I"D:\opencv-3.2.0\build\install\include" /ID:\Qt\5.6\msvc2013\include\QtWinExtras /I"C:\Program Files (x86)\Intel\RSSDK\/include" /I"C:\Program Files (x86)\Intel\RSSDK\/sample/common/include" /nologo /W1 /WX- /O2 /Oy- /D UNICODE /D WIN32 /D WIN64 /D QT_DLL /D QT_NO_DEBUG /D NDEBUG /D QT_CORE_LIB /D QT_GUI_LIB /D QT_WIDGETS_LIB /D QT_WINEXTRAS_LIB /Gm- /EHsc /MD /GS /fp:precise /Zc:wchar_t /Zc:forScope /Fo"Release\\" /Fd"Release\vc120.pdb" /Gd /TP /analyze- /errorReport:prompt GeneratedFiles\qrc_ejem_opencv_qt.cpp
         qrc_ejem_opencv_qt.cpp
       Link:
         C:\Program Files (x86)\Microsoft Visual Studio 12.0\VC\bin\link.exe /ERRORREPORT:PROMPT /OUT:"D:\FRAV\REALSENSE\Ejem_OpenCV_QT - 03\Win32\Release\\Ejem_OpenCV_QT.exe" /NOLOGO /LIBPATH:D:\Qt\5.6\msvc2013\lib /LIBPATH:"D:\opencv-3.2.0\build\install\x86\vc12\lib" qtmain.lib Qt5Core.lib Qt5Gui.lib Qt5Widgets.lib Qt5WinExtras.lib kernel32.lib user32.lib gdi32.lib winspool.lib comdlg32.lib advapi32.lib shell32.lib ole32.lib oleaut32.lib uuid.lib odbc32.lib odbccp32.lib opencv_calib3d320d.lib opencv_features2d320d.lib opencv_flann320d.lib opencv_highgui320d.lib opencv_imgcodecs320d.lib opencv_imgproc320d.lib opencv_ml320d.lib opencv_objdetect320d.lib opencv_photo320d.lib opencv_shape320d.lib opencv_stitching320d.lib opencv_superres320d.lib opencv_video320d.lib opencv_videoio320d.lib opencv_videostab320d.lib libpxc_d.lib libpxcutils_d.lib opencv_calib3d320d.lib opencv_features2d320d.lib opencv_flann320d.lib opencv_highgui320d.lib opencv_imgcodecs320d.lib opencv_imgproc320d.lib opencv_ml320d.lib opencv_objdetect320d.lib opencv_photo320d.lib opencv_shape320d.lib opencv_stitching320d.lib opencv_superres320d.lib opencv_video320d.lib opencv_videoio320d.lib opencv_videostab320d.lib libpxc_d.lib libpxcutils_d.lib opencv_calib3d320d.lib opencv_features2d320d.lib opencv_flann320d.lib opencv_highgui320d.lib opencv_imgcodecs320d.lib opencv_imgproc320d.lib opencv_ml320d.lib opencv_objdetect320d.lib opencv_photo320d.lib opencv_shape320d.lib opencv_stitching320d.lib opencv_superres320d.lib opencv_video320d.lib opencv_videoio320d.lib opencv_videostab320d.lib /MANIFEST /MANIFESTUAC:"level='asInvoker' uiAccess='false'" /manifest:embed /PDB:"D:\FRAV\REALSENSE\Ejem_OpenCV_QT - 03\Win32\Release\Ejem_OpenCV_QT.pdb" /SUBSYSTEM:WINDOWS /TLBID:1 /DYNAMICBASE /NXCOMPAT /IMPLIB:"D:\FRAV\REALSENSE\Ejem_OpenCV_QT - 03\Win32\Release\Ejem_OpenCV_QT.lib" /MACHINE:X86 /SAFESEH Release\ejem_opencv_qt.obj
         Release\qrc_ejem_opencv_qt.obj
         Release\moc_ejem_opencv_qt.obj
         Release\main.obj
     1>LINK : fatal error LNK1181: cannot open input file 'libpxc_d.lib'
     1>Done Building Project "D:\FRAV\REALSENSE\Ejem_OpenCV_QT - 03\Ejem_OpenCV_QT\Ejem_OpenCV_QT.vcxproj" (Rebuild target(s)) -- FAILED.

Build FAILED.

Time Elapsed 00:00:04.74
