Build started 04/04/2017 15:57:02.
     1>Project "D:\REALSENSE\Ejem_OpenCV_QT - 03\Ejem_OpenCV_QT\Ejem_OpenCV_QT.vcxproj" on node 2 (Rebuild target(s)).
     1>CustomBuild:
         Moc'ing ejem_opencv_qt.h...
         Uic'ing ejem_opencv_qt.ui...
         Rcc'ing ejem_opencv_qt.qrc...
     1>RCC : warning : No resources in 'D:\REALSENSE\Ejem_OpenCV_QT - 03\Ejem_OpenCV_QT\ejem_opencv_qt.qrc'.
         
       ClCompile:
         C:\Program Files (x86)\Microsoft Visual Studio 12.0\VC\bin\CL.exe /c /I.\GeneratedFiles /I. /IC:\Qt\Qt5.6.2\5.6\msvc2013\include /I.\GeneratedFiles\Debug /IC:\Qt\Qt5.6.2\5.6\msvc2013\include\QtCore /IC:\Qt\Qt5.6.2\5.6\msvc2013\include\QtGui /IC:\Qt\Qt5.6.2\5.6\msvc2013\include\QtWidgets /I"C:\opencv-3.2.0\build\install\include" /I\Include /I"C:\Program Files (x86)\Intel\RSSDK\/include" /I"C:\Program Files (x86)\Intel\RSSDK\/sample/common/include" /IC:\Qt\Qt5.6.2\5.6\msvc2013\include\QtWinExtras /Zi /nologo /W3 /WX- /Od /Oy- /D UNICODE /D WIN32 /D WIN64 /D QT_DLL /D QT_CORE_LIB /D QT_GUI_LIB /D QT_WIDGETS_LIB /D QT_WINEXTRAS_LIB /Gm- /EHsc /MTd /GS /fp:precise /Zc:wchar_t /Zc:forScope /Fo"Debug\\" /Fd"Debug\vc120.pdb" /Gd /TP /analyze- /errorReport:prompt ejem_opencv_qt.cpp GeneratedFiles\Debug\moc_ejem_opencv_qt.cpp main.cpp
         ejem_opencv_qt.cpp
     1>ejem_opencv_qt.cpp(217): warning C4018: '<' : signed/unsigned mismatch
     1>ejem_opencv_qt.cpp(510): warning C4101: 'nombre_archivo' : unreferenced local variable
     1>ejem_opencv_qt.cpp(597): warning C4996: 'fopen': This function or variable may be unsafe. Consider using fopen_s instead. To disable deprecation, use _CRT_SECURE_NO_WARNINGS. See online help for details.
                 C:\Program Files (x86)\Microsoft Visual Studio 12.0\VC\include\stdio.h(211) : see declaration of 'fopen'
         moc_ejem_opencv_qt.cpp
         main.cpp
         Generating Code...
         C:\Program Files (x86)\Microsoft Visual Studio 12.0\VC\bin\CL.exe /c /I.\GeneratedFiles /I. /IC:\Qt\Qt5.6.2\5.6\msvc2013\include /I.\GeneratedFiles\Debug /IC:\Qt\Qt5.6.2\5.6\msvc2013\include\QtCore /IC:\Qt\Qt5.6.2\5.6\msvc2013\include\QtGui /IC:\Qt\Qt5.6.2\5.6\msvc2013\include\QtWidgets /I"C:\opencv-3.2.0\build\install\include" /I\Include /I"C:\Program Files (x86)\Intel\RSSDK\/include" /I"C:\Program Files (x86)\Intel\RSSDK\/sample/common/include" /IC:\Qt\Qt5.6.2\5.6\msvc2013\include\QtWinExtras /Zi /nologo /W3 /WX- /Od /Oy- /D UNICODE /D WIN32 /D WIN64 /D QT_DLL /D QT_CORE_LIB /D QT_GUI_LIB /D QT_WIDGETS_LIB /D QT_WINEXTRAS_LIB /Gm- /EHsc /MTd /GS /fp:precise /Zc:wchar_t /Zc:forScope /Fo"Debug\\" /Fd"Debug\vc120.pdb" /Gd /TP /analyze- /errorReport:prompt GeneratedFiles\qrc_ejem_opencv_qt.cpp
         qrc_ejem_opencv_qt.cpp
       Link:
         C:\Program Files (x86)\Microsoft Visual Studio 12.0\VC\bin\link.exe /ERRORREPORT:PROMPT /OUT:"D:\REALSENSE\Ejem_OpenCV_QT - 03\Win32\Debug\\Ejem_OpenCV_QT.exe" /NOLOGO /LIBPATH:C:\Qt\Qt5.6.2\5.6\msvc2013\lib /LIBPATH:"C:\opencv-3.2.0\build\install\x86\vc12\lib" /LIBPATH:"C:\Program Files (x86)\Intel\RSSDK\/lib/Win32" /LIBPATH:"C:\Program Files (x86)\Intel\RSSDK\/sample/common/lib/Win32/v120" qtmaind.lib Qt5Cored.lib Qt5Guid.lib Qt5Widgetsd.lib Qt5WinExtrasd.lib kernel32.lib user32.lib gdi32.lib winspool.lib comdlg32.lib advapi32.lib shell32.lib ole32.lib oleaut32.lib uuid.lib odbc32.lib odbccp32.lib opencv_calib3d320d.lib opencv_core320d.lib opencv_features2d320d.lib opencv_flann320d.lib opencv_highgui320d.lib opencv_imgcodecs320d.lib opencv_imgproc320d.lib opencv_ml320d.lib opencv_objdetect320d.lib opencv_photo320d.lib opencv_shape320d.lib opencv_stitching320d.lib opencv_superres320d.lib opencv_video320d.lib opencv_videoio320d.lib opencv_videostab320d.lib libpxc_d.lib libpxcutils_d.lib /NODEFAULTLIB:libcmt.lib /MANIFEST /MANIFESTUAC:"level='asInvoker' uiAccess='false'" /manifest:embed /DEBUG /PDB:"D:\REALSENSE\Ejem_OpenCV_QT - 03\Win32\Debug\Ejem_OpenCV_QT.pdb" /SUBSYSTEM:CONSOLE /TLBID:1 /DYNAMICBASE /NXCOMPAT /IMPLIB:"D:\REALSENSE\Ejem_OpenCV_QT - 03\Win32\Debug\Ejem_OpenCV_QT.lib" /MACHINE:X86 /SAFESEH Debug\ejem_opencv_qt.obj
         Debug\moc_ejem_opencv_qt.obj
         Debug\qrc_ejem_opencv_qt.obj
         Debug\main.obj
         Ejem_OpenCV_QT.vcxproj -> D:\REALSENSE\Ejem_OpenCV_QT - 03\Win32\Debug\Ejem_OpenCV_QT.exe
     1>Done Building Project "D:\REALSENSE\Ejem_OpenCV_QT - 03\Ejem_OpenCV_QT\Ejem_OpenCV_QT.vcxproj" (Rebuild target(s)).

Build succeeded.

Time Elapsed 00:00:08.00
