Build started 05/04/2017 13:10:59.
     1>Project "D:\HEAD\Ejem_OpenCV_QT - 03\Ejem_OpenCV_QT\Ejem_OpenCV_QT.vcxproj" on node 2 (Build target(s)).
     1>C:\Program Files (x86)\MSBuild\Microsoft.Cpp\v4.0\V120\Microsoft.CppBuild.targets(388,5): warning MSB8028: The intermediate directory (Debug\) contains files shared from another project (Ejem_OpenCV_QT.vcxproj).  This can lead to incorrect clean and rebuild behavior.
     1>CustomBuild:
         Uic'ing ejem_opencv_qt.ui...
       ClCompile:
         C:\Program Files (x86)\Microsoft Visual Studio 12.0\VC\bin\CL.exe /c /I.\GeneratedFiles /I. /IC:\Qt\Qt5.6.2\5.6\msvc2013\include /I.\GeneratedFiles\Debug /IC:\Qt\Qt5.6.2\5.6\msvc2013\include\QtCore /IC:\Qt\Qt5.6.2\5.6\msvc2013\include\QtGui /IC:\Qt\Qt5.6.2\5.6\msvc2013\include\QtWidgets /I"C:\opencv-3.2.0\build\install\include" /I\Include /I"C:\Program Files (x86)\Intel\RSSDK\/include" /I"C:\Program Files (x86)\Intel\RSSDK\/sample/common/include" /IC:\Qt\Qt5.6.2\5.6\msvc2013\include\QtWinExtras /Zi /nologo /W3 /WX- /Od /Oy- /D UNICODE /D WIN32 /D WIN64 /D QT_DLL /D QT_CORE_LIB /D QT_GUI_LIB /D QT_WIDGETS_LIB /D QT_WINEXTRAS_LIB /Gm- /EHsc /MTd /GS /fp:precise /Zc:wchar_t /Zc:forScope /Fo"Debug\\" /Fd"Debug\vc120.pdb" /Gd /TP /analyze- /errorReport:prompt GeneratedFiles\Debug\moc_ejem_opencv_qt.cpp ejem_opencv_qt.cpp main.cpp
         moc_ejem_opencv_qt.cpp
         ejem_opencv_qt.cpp
     1>ejem_opencv_qt.cpp(196): warning C4018: '<' : signed/unsigned mismatch
         main.cpp
         Generating Code...
       Link:
         C:\Program Files (x86)\Microsoft Visual Studio 12.0\VC\bin\link.exe /ERRORREPORT:PROMPT /OUT:"D:\HEAD\Ejem_OpenCV_QT - 03\Win32\Debug\\VisorRealSense.exe" /NOLOGO /LIBPATH:C:\Qt\Qt5.6.2\5.6\msvc2013\lib /LIBPATH:"C:\opencv-3.2.0\build\install\x86\vc12\lib" /LIBPATH:"C:\Program Files (x86)\Intel\RSSDK\/lib/Win32" /LIBPATH:"C:\Program Files (x86)\Intel\RSSDK\/sample/common/lib/Win32/v120" qtmaind.lib Qt5Cored.lib Qt5Guid.lib Qt5Widgetsd.lib Qt5WinExtrasd.lib kernel32.lib user32.lib gdi32.lib winspool.lib comdlg32.lib advapi32.lib shell32.lib ole32.lib oleaut32.lib uuid.lib odbc32.lib odbccp32.lib opencv_calib3d320d.lib opencv_core320d.lib opencv_features2d320d.lib opencv_flann320d.lib opencv_highgui320d.lib opencv_imgcodecs320d.lib opencv_imgproc320d.lib opencv_ml320d.lib opencv_objdetect320d.lib opencv_photo320d.lib opencv_shape320d.lib opencv_stitching320d.lib opencv_superres320d.lib opencv_video320d.lib opencv_videoio320d.lib opencv_videostab320d.lib libpxc_d.lib libpxcutils_d.lib /NODEFAULTLIB:libcmt.lib /MANIFEST /MANIFESTUAC:"level='asInvoker' uiAccess='false'" /manifest:embed /DEBUG /PDB:"D:\HEAD\Ejem_OpenCV_QT - 03\Win32\Debug\VisorRealSense.pdb" /SUBSYSTEM:CONSOLE /TLBID:1 /DYNAMICBASE /NXCOMPAT /IMPLIB:"D:\HEAD\Ejem_OpenCV_QT - 03\Win32\Debug\VisorRealSense.lib" /MACHINE:X86 /SAFESEH Debug\ejem_opencv_qt.obj
         Debug\moc_ejem_opencv_qt.obj
         Debug\qrc_ejem_opencv_qt.obj
         Debug\main.obj
         Ejem_OpenCV_QT.vcxproj -> D:\HEAD\Ejem_OpenCV_QT - 03\Win32\Debug\VisorRealSense.exe
     1>Done Building Project "D:\HEAD\Ejem_OpenCV_QT - 03\Ejem_OpenCV_QT\Ejem_OpenCV_QT.vcxproj" (Build target(s)).

Build succeeded.

Time Elapsed 00:00:07.08
