d:\head\ejem_opencv_qt - 03\ejem_opencv_qt\debug\vc120.pdb
d:\head\ejem_opencv_qt - 03\ejem_opencv_qt\debug\main.obj
d:\head\ejem_opencv_qt - 03\ejem_opencv_qt\debug\moc_ejem_opencv_qt.obj
d:\head\ejem_opencv_qt - 03\ejem_opencv_qt\debug\ejem_opencv_qt.obj
d:\head\ejem_opencv_qt - 03\ejem_opencv_qt\debug\qrc_ejem_opencv_qt.obj
d:\head\ejem_opencv_qt - 03\ejem_opencv_qt\generatedfiles\debug\moc_ejem_opencv_qt.cpp
d:\head\ejem_opencv_qt - 03\ejem_opencv_qt\generatedfiles\ui_ejem_opencv_qt.h
d:\head\ejem_opencv_qt - 03\ejem_opencv_qt\generatedfiles\qrc_ejem_opencv_qt.cpp
d:\head\ejem_opencv_qt - 03\win32\debug\visorrealsense.ilk
d:\head\ejem_opencv_qt - 03\win32\debug\visorrealsense.exe
d:\head\ejem_opencv_qt - 03\win32\debug\visorrealsense.pdb
d:\head\ejem_opencv_qt - 03\ejem_opencv_qt\debug\visorrealsense.tlog\cl.command.1.tlog
d:\head\ejem_opencv_qt - 03\ejem_opencv_qt\debug\visorrealsense.tlog\cl.read.1.tlog
d:\head\ejem_opencv_qt - 03\ejem_opencv_qt\debug\visorrealsense.tlog\cl.write.1.tlog
d:\head\ejem_opencv_qt - 03\ejem_opencv_qt\debug\visorrealsense.tlog\custombuild.command.1.tlog
d:\head\ejem_opencv_qt - 03\ejem_opencv_qt\debug\visorrealsense.tlog\custombuild.read.1.tlog
d:\head\ejem_opencv_qt - 03\ejem_opencv_qt\debug\visorrealsense.tlog\custombuild.write.1.tlog
d:\head\ejem_opencv_qt - 03\ejem_opencv_qt\debug\visorrealsense.tlog\link.command.1.tlog
d:\head\ejem_opencv_qt - 03\ejem_opencv_qt\debug\visorrealsense.tlog\link.read.1.tlog
d:\head\ejem_opencv_qt - 03\ejem_opencv_qt\debug\visorrealsense.tlog\link.write.1.tlog
