d:\realsense\pro\ejem_opencv_qt\solutionfrav\visorrealsenseone\debug\vc120.pdb
d:\realsense\pro\ejem_opencv_qt\solutionfrav\visorrealsenseone\debug\main.obj
d:\realsense\pro\ejem_opencv_qt\solutionfrav\visorrealsenseone\debug\visorrealsenseone.obj
d:\realsense\pro\ejem_opencv_qt\solutionfrav\visorrealsenseone\debug\moc_visorrealsenseone.obj
d:\realsense\pro\ejem_opencv_qt\solutionfrav\visorrealsenseone\debug\qrc_visorrealsenseone.obj
d:\realsense\pro\ejem_opencv_qt\solutionfrav\visorrealsenseone\generatedfiles\debug\moc_visorrealsenseone.cpp
d:\realsense\pro\ejem_opencv_qt\solutionfrav\visorrealsenseone\generatedfiles\ui_visorrealsenseone.h
d:\realsense\pro\ejem_opencv_qt\solutionfrav\visorrealsenseone\generatedfiles\qrc_visorrealsenseone.cpp
d:\realsense\pro\ejem_opencv_qt\solutionfrav\win32\debug\visorrealsenseone.ilk
d:\realsense\pro\ejem_opencv_qt\solutionfrav\win32\debug\visorrealsenseone.exe
d:\realsense\pro\ejem_opencv_qt\solutionfrav\win32\debug\visorrealsenseone.pdb
d:\realsense\pro\ejem_opencv_qt\solutionfrav\visorrealsenseone\debug\visorrea.37281ffc.tlog\cl.command.1.tlog
d:\realsense\pro\ejem_opencv_qt\solutionfrav\visorrealsenseone\debug\visorrea.37281ffc.tlog\cl.read.1.tlog
d:\realsense\pro\ejem_opencv_qt\solutionfrav\visorrealsenseone\debug\visorrea.37281ffc.tlog\cl.write.1.tlog
d:\realsense\pro\ejem_opencv_qt\solutionfrav\visorrealsenseone\debug\visorrea.37281ffc.tlog\custombuild.command.1.tlog
d:\realsense\pro\ejem_opencv_qt\solutionfrav\visorrealsenseone\debug\visorrea.37281ffc.tlog\custombuild.read.1.tlog
d:\realsense\pro\ejem_opencv_qt\solutionfrav\visorrealsenseone\debug\visorrea.37281ffc.tlog\custombuild.write.1.tlog
d:\realsense\pro\ejem_opencv_qt\solutionfrav\visorrealsenseone\debug\visorrea.37281ffc.tlog\link.command.1.tlog
d:\realsense\pro\ejem_opencv_qt\solutionfrav\visorrealsenseone\debug\visorrea.37281ffc.tlog\link.read.1.tlog
d:\realsense\pro\ejem_opencv_qt\solutionfrav\visorrealsenseone\debug\visorrea.37281ffc.tlog\link.write.1.tlog
